Using pre-set license
Built from '2021.2/staging' branch; Version is '2021.2.3f1 (32358a8527b4) revision 3290506'; Using compiler version '192829333'; Build Type 'Release'
OS: 'Windows 10 Education; OS build 19043.1348; Version 2009; 64bit' Language: 'en' Physical Memory: 16230 MB
BatchMode: 1, IsHumanControllingUs: 0, StartBugReporterOnCrash: 0, Is64bit: 1, IsPro: 0

COMMAND LINE ARGUMENTS:
C:\Program Files\Unity\Hub\Editor\2021.2.3f1\Editor\Unity.exe
-adb2
-batchMode
-noUpm
-name
AssetImportWorker2
-projectPath
E:/BH56FI/UnityProj/343_PsProject
-logFile
Logs/AssetImportWorker2.log
-srvPort
60716
Successfully changed project path to: E:/BH56FI/UnityProj/343_PsProject
E:/BH56FI/UnityProj/343_PsProject
[UnityMemory] Configuration Parameters - Can be set up in boot.config
    "memorysetup-bucket-allocator-granularity=16"
    "memorysetup-bucket-allocator-bucket-count=8"
    "memorysetup-bucket-allocator-block-size=33554432"
    "memorysetup-bucket-allocator-block-count=8"
    "memorysetup-main-allocator-block-size=16777216"
    "memorysetup-thread-allocator-block-size=16777216"
    "memorysetup-gfx-main-allocator-block-size=16777216"
    "memorysetup-gfx-thread-allocator-block-size=16777216"
    "memorysetup-cache-allocator-block-size=4194304"
    "memorysetup-typetree-allocator-block-size=2097152"
    "memorysetup-profiler-bucket-allocator-granularity=16"
    "memorysetup-profiler-bucket-allocator-bucket-count=8"
    "memorysetup-profiler-bucket-allocator-block-size=33554432"
    "memorysetup-profiler-bucket-allocator-block-count=8"
    "memorysetup-profiler-allocator-block-size=16777216"
    "memorysetup-profiler-editor-allocator-block-size=1048576"
    "memorysetup-temp-allocator-size-main=16777216"
    "memorysetup-job-temp-allocator-block-size=2097152"
    "memorysetup-job-temp-allocator-block-size-background=1048576"
    "memorysetup-job-temp-allocator-reduction-small-platforms=262144"
    "memorysetup-temp-allocator-size-background-worker=32768"
    "memorysetup-temp-allocator-size-job-worker=262144"
    "memorysetup-temp-allocator-size-preload-manager=33554432"
    "memorysetup-temp-allocator-size-nav-mesh-worker=65536"
    "memorysetup-temp-allocator-size-audio-worker=65536"
    "memorysetup-temp-allocator-size-cloud-worker=32768"
    "memorysetup-temp-allocator-size-gi-baking-worker=262144"
    "memorysetup-temp-allocator-size-gfx=262144"
Refreshing native plugins compatible for Editor in 98.64 ms, found 3 plugins.
Preloading 0 native plugins for Editor in 0.00 ms.
Initialize engine version: 2021.2.3f1 (32358a8527b4)
[Subsystems] Discovering subsystems at path C:/Program Files/Unity/Hub/Editor/2021.2.3f1/Editor/Data/Resources/UnitySubsystems
[Subsystems] Discovering subsystems at path E:/BH56FI/UnityProj/343_PsProject/Assets
GfxDevice: creating device client; threaded=0; jobified=0
Direct3D:
    Version:  Direct3D 11.0 [level 11.1]
    Renderer: NVIDIA GeForce GTX 1060 6GB (ID=0x1c03)
    Vendor:   NVIDIA
    VRAM:     6052 MB
    Driver:   30.0.14.9613
Initialize mono
Mono path[0] = 'C:/Program Files/Unity/Hub/Editor/2021.2.3f1/Editor/Data/Managed'
Mono path[1] = 'C:/Program Files/Unity/Hub/Editor/2021.2.3f1/Editor/Data/MonoBleedingEdge/lib/mono/unityjit-win32'
Mono config path = 'C:/Program Files/Unity/Hub/Editor/2021.2.3f1/Editor/Data/MonoBleedingEdge/etc'
Using monoOptions --debugger-agent=transport=dt_socket,embedding=1,server=y,suspend=n,address=127.0.0.1:56664
Begin MonoManager ReloadAssembly
Registering precompiled unity dll's ...
Register platform support module: C:/Program Files/Unity/Hub/Editor/2021.2.3f1/Editor/Data/PlaybackEngines/WebGLSupport/UnityEditor.WebGL.Extensions.dll
Register platform support module: C:/Program Files/Unity/Hub/Editor/2021.2.3f1/Editor/Data/PlaybackEngines/MacStandaloneSupport/UnityEditor.OSXStandalone.Extensions.dll
Register platform support module: C:/Program Files/Unity/Hub/Editor/2021.2.3f1/Editor/Data/PlaybackEngines/WindowsStandaloneSupport/UnityEditor.WindowsStandalone.Extensions.dll
Register platform support module: C:/Program Files/Unity/Hub/Editor/2021.2.3f1/Editor/Data/PlaybackEngines/LinuxStandaloneSupport/UnityEditor.LinuxStandalone.Extensions.dll
Register platform support module: C:/Program Files/Unity/Hub/Editor/2021.2.3f1/Editor/Data/PlaybackEngines/LuminSupport/UnityEditor.Lumin.Extensions.dll
Registered in 0.009712 seconds.
Native extension for Lumin target not found
Native extension for LinuxStandalone target not found
Native extension for WindowsStandalone target not found
Native extension for OSXStandalone target not found
Native extension for WebGL target not found
Refreshing native plugins compatible for Editor in 87.84 ms, found 3 plugins.
Preloading 0 native plugins for Editor in 0.00 ms.
Mono: successfully reloaded assembly
- Completed reload, in  0.582 seconds
Domain Reload Profiling:
	ReloadAssembly (583ms)
		BeginReloadAssembly (70ms)
			ExecutionOrderSort (0ms)
			DisableScriptedObjects (0ms)
			BackupInstance (0ms)
			ReleaseScriptingObjects (0ms)
			CreateAndSetChildDomain (1ms)
		EndReloadAssembly (439ms)
			LoadAssemblies (69ms)
			RebuildTransferFunctionScriptingTraits (0ms)
			SetupTypeCache (92ms)
			ReleaseScriptCaches (0ms)
			RebuildScriptCaches (25ms)
			SetupLoadedEditorAssemblies (275ms)
				LogAssemblyErrors (0ms)
				InitializePlatformSupportModulesInManaged (19ms)
				SetLoadedEditorAssemblies (0ms)
				RefreshPlugins (88ms)
				BeforeProcessingInitializeOnLoad (1ms)
				ProcessInitializeOnLoadAttributes (124ms)
				ProcessInitializeOnLoadMethodAttributes (42ms)
				AfterProcessingInitializeOnLoad (0ms)
				EditorAssembliesLoaded (0ms)
			ExecutionOrderSort2 (0ms)
			AwakeInstancesAfterBackupRestoration (0ms)
Platform modules already initialized, skipping
Registering precompiled user dll's ...
Registered in 0.013538 seconds.
Begin MonoManager ReloadAssembly
Symbol file LoadedFromMemory doesn't match image E:\BH56FI\UnityProj\343_PsProject\Library\PackageCache\com.unity.visualscripting@1.7.5\Editor\VisualScripting.Core\Dependencies\YamlDotNet\Unity.VisualScripting.YamlDotNet.dll
Symbol file LoadedFromMemory doesn't match image E:\BH56FI\UnityProj\343_PsProject\Library\PackageCache\com.unity.visualscripting@1.7.5\Editor\VisualScripting.Core\Dependencies\DotNetZip\Unity.VisualScripting.IonicZip.dll
Native extension for Lumin target not found
Native extension for LinuxStandalone target not found
Native extension for WindowsStandalone target not found
Native extension for OSXStandalone target not found
Native extension for WebGL target not found
Refreshing native plugins compatible for Editor in 89.97 ms, found 3 plugins.
Preloading 0 native plugins for Editor in 0.00 ms.
Mono: successfully reloaded assembly
- Completed reload, in  1.455 seconds
Domain Reload Profiling:
	ReloadAssembly (1456ms)
		BeginReloadAssembly (152ms)
			ExecutionOrderSort (0ms)
			DisableScriptedObjects (5ms)
			BackupInstance (0ms)
			ReleaseScriptingObjects (0ms)
			CreateAndSetChildDomain (17ms)
		EndReloadAssembly (1221ms)
			LoadAssemblies (83ms)
			RebuildTransferFunctionScriptingTraits (0ms)
			SetupTypeCache (267ms)
			ReleaseScriptCaches (1ms)
			RebuildScriptCaches (52ms)
			SetupLoadedEditorAssemblies (726ms)
				LogAssemblyErrors (0ms)
				InitializePlatformSupportModulesInManaged (15ms)
				SetLoadedEditorAssemblies (0ms)
				RefreshPlugins (90ms)
				BeforeProcessingInitializeOnLoad (97ms)
				ProcessInitializeOnLoadAttributes (446ms)
				ProcessInitializeOnLoadMethodAttributes (72ms)
				AfterProcessingInitializeOnLoad (6ms)
				EditorAssembliesLoaded (0ms)
			ExecutionOrderSort2 (0ms)
			AwakeInstancesAfterBackupRestoration (7ms)
Platform modules already initialized, skipping
========================================================================
Worker process is ready to serve import requests
Launched and connected shader compiler UnityShaderCompiler.exe after 0.07 seconds
Refreshing native plugins compatible for Editor in 1.02 ms, found 3 plugins.
Preloading 0 native plugins for Editor in 0.00 ms.
Unloading 5122 Unused Serialized files (Serialized files now loaded: 0)
Unloading 42 unused Assets / (1.4 MB). Loaded Objects now: 5570.
Memory consumption went from 207.3 MB to 205.9 MB.
Total: 4.433900 ms (FindLiveObjects: 0.371900 ms CreateObjectMapping: 0.346400 ms MarkObjects: 3.145000 ms  DeleteObjects: 0.569400 ms)

AssetImportParameters requested are different than current active one (requested -> active):
  custom:video-decoder-ogg-theora: a1e56fd34408186e4bbccfd4996cb3dc -> 
  custom:container-muxer-webm: aa71ff27fc2769a1b78a27578f13a17b -> 
  custom:container-demuxer-webm: 4f35f7cbe854078d1ac9338744f61a02 -> 
  custom:video-encoder-webm-vp8: eb34c28f22e8b96e1ab97ce403110664 -> 
  custom:audio-encoder-webm-vorbis: bf7c407c2cedff20999df2af8eb42d56 -> 
  custom:framework-win-MediaFoundation: 216162199b28c13a410421893ffa2e32 -> 
  custom:container-demuxer-ogg: 62fdf1f143b41e24485cea50d1cbac27 -> 
  custom:video-decoder-webm-vp8: 9c59270c3fd7afecdb556c50c9e8de78 -> 
  custom:audio-decoder-ogg-vorbis: bf7c407c2cedff20999df2af8eb42d56 -> 
========================================================================
Received Prepare
Registering precompiled user dll's ...
Registered in 0.013819 seconds.
Begin MonoManager ReloadAssembly
Symbol file LoadedFromMemory doesn't match image E:\BH56FI\UnityProj\343_PsProject\Library\PackageCache\com.unity.visualscripting@1.7.5\Editor\VisualScripting.Core\Dependencies\YamlDotNet\Unity.VisualScripting.YamlDotNet.dll
Symbol file LoadedFromMemory doesn't match image E:\BH56FI\UnityProj\343_PsProject\Library\PackageCache\com.unity.visualscripting@1.7.5\Editor\VisualScripting.Core\Dependencies\DotNetZip\Unity.VisualScripting.IonicZip.dll
Native extension for Lumin target not found
Native extension for LinuxStandalone target not found
Native extension for WindowsStandalone target not found
Native extension for OSXStandalone target not found
Native extension for WebGL target not found
Refreshing native plugins compatible for Editor in 0.87 ms, found 3 plugins.
Preloading 0 native plugins for Editor in 0.00 ms.
Mono: successfully reloaded assembly
- Completed reload, in  1.360 seconds
Domain Reload Profiling:
	ReloadAssembly (1361ms)
		BeginReloadAssembly (147ms)
			ExecutionOrderSort (0ms)
			DisableScriptedObjects (6ms)
			BackupInstance (0ms)
			ReleaseScriptingObjects (0ms)
			CreateAndSetChildDomain (41ms)
		EndReloadAssembly (1110ms)
			LoadAssemblies (99ms)
			RebuildTransferFunctionScriptingTraits (0ms)
			SetupTypeCache (311ms)
			ReleaseScriptCaches (2ms)
			RebuildScriptCaches (49ms)
			SetupLoadedEditorAssemblies (535ms)
				LogAssemblyErrors (0ms)
				InitializePlatformSupportModulesInManaged (19ms)
				SetLoadedEditorAssemblies (1ms)
				RefreshPlugins (1ms)
				BeforeProcessingInitializeOnLoad (84ms)
				ProcessInitializeOnLoadAttributes (350ms)
				ProcessInitializeOnLoadMethodAttributes (73ms)
				AfterProcessingInitializeOnLoad (7ms)
				EditorAssembliesLoaded (0ms)
			ExecutionOrderSort2 (0ms)
			AwakeInstancesAfterBackupRestoration (13ms)
Platform modules already initialized, skipping
Refreshing native plugins compatible for Editor in 0.86 ms, found 3 plugins.
Preloading 0 native plugins for Editor in 0.00 ms.
Unloading 4984 Unused Serialized files (Serialized files now loaded: 0)
Unloading 33 unused Assets / (1.4 MB). Loaded Objects now: 5572.
Memory consumption went from 197.5 MB to 196.1 MB.
Total: 5.238800 ms (FindLiveObjects: 0.394600 ms CreateObjectMapping: 0.360700 ms MarkObjects: 3.868000 ms  DeleteObjects: 0.614300 ms)

AssetImportParameters requested are different than current active one (requested -> active):
  custom:video-decoder-ogg-theora: a1e56fd34408186e4bbccfd4996cb3dc -> 
  custom:container-muxer-webm: aa71ff27fc2769a1b78a27578f13a17b -> 
  custom:container-demuxer-webm: 4f35f7cbe854078d1ac9338744f61a02 -> 
  custom:video-encoder-webm-vp8: eb34c28f22e8b96e1ab97ce403110664 -> 
  custom:audio-encoder-webm-vorbis: bf7c407c2cedff20999df2af8eb42d56 -> 
  custom:framework-win-MediaFoundation: 216162199b28c13a410421893ffa2e32 -> 
  custom:container-demuxer-ogg: 62fdf1f143b41e24485cea50d1cbac27 -> 
  custom:video-decoder-webm-vp8: 9c59270c3fd7afecdb556c50c9e8de78 -> 
  custom:audio-decoder-ogg-vorbis: bf7c407c2cedff20999df2af8eb42d56 -> 
========================================================================
Received Import Request.
  Time since last request: 40676.902488 seconds.
  path: Assets/Game/Battle/Materials
  artifactKey: Guid(c7b0f393232feea4e8c458437edd7f5c) Importer(815301076,1909f56bfc062723c751e8b465ee728b)
Start importing Assets/Game/Battle/Materials using Guid(c7b0f393232feea4e8c458437edd7f5c) Importer(815301076,1909f56bfc062723c751e8b465ee728b)  -> (artifact id: '2f30387abf03c4a1e87a34c699182d17') in 0.008046 seconds 
========================================================================
Received Prepare
Registering precompiled user dll's ...
Registered in 0.014004 seconds.
Begin MonoManager ReloadAssembly
Symbol file LoadedFromMemory doesn't match image E:\BH56FI\UnityProj\343_PsProject\Library\PackageCache\com.unity.visualscripting@1.7.5\Editor\VisualScripting.Core\Dependencies\YamlDotNet\Unity.VisualScripting.YamlDotNet.dll
Symbol file LoadedFromMemory doesn't match image E:\BH56FI\UnityProj\343_PsProject\Library\PackageCache\com.unity.visualscripting@1.7.5\Editor\VisualScripting.Core\Dependencies\DotNetZip\Unity.VisualScripting.IonicZip.dll
Native extension for Lumin target not found
Native extension for LinuxStandalone target not found
Native extension for WindowsStandalone target not found
Native extension for OSXStandalone target not found
Native extension for WebGL target not found
Refreshing native plugins compatible for Editor in 0.85 ms, found 3 plugins.
Preloading 0 native plugins for Editor in 0.00 ms.
Mono: successfully reloaded assembly
- Completed reload, in  1.392 seconds
Domain Reload Profiling:
	ReloadAssembly (1393ms)
		BeginReloadAssembly (154ms)
			ExecutionOrderSort (0ms)
			DisableScriptedObjects (9ms)
			BackupInstance (0ms)
			ReleaseScriptingObjects (0ms)
			CreateAndSetChildDomain (43ms)
		EndReloadAssembly (1140ms)
			LoadAssemblies (98ms)
			RebuildTransferFunctionScriptingTraits (0ms)
			SetupTypeCache (331ms)
			ReleaseScriptCaches (2ms)
			RebuildScriptCaches (49ms)
			SetupLoadedEditorAssemblies (546ms)
				LogAssemblyErrors (0ms)
				InitializePlatformSupportModulesInManaged (19ms)
				SetLoadedEditorAssemblies (1ms)
				RefreshPlugins (1ms)
				BeforeProcessingInitializeOnLoad (83ms)
				ProcessInitializeOnLoadAttributes (357ms)
				ProcessInitializeOnLoadMethodAttributes (78ms)
				AfterProcessingInitializeOnLoad (7ms)
				EditorAssembliesLoaded (0ms)
			ExecutionOrderSort2 (0ms)
			AwakeInstancesAfterBackupRestoration (10ms)
Platform modules already initialized, skipping
Refreshing native plugins compatible for Editor in 1.10 ms, found 3 plugins.
Preloading 0 native plugins for Editor in 0.00 ms.
Unloading 4984 Unused Serialized files (Serialized files now loaded: 0)
Unloading 33 unused Assets / (1.4 MB). Loaded Objects now: 5574.
Memory consumption went from 197.5 MB to 196.1 MB.
Total: 5.149900 ms (FindLiveObjects: 0.435600 ms CreateObjectMapping: 0.504500 ms MarkObjects: 3.490900 ms  DeleteObjects: 0.717900 ms)

AssetImportParameters requested are different than current active one (requested -> active):
  custom:video-decoder-ogg-theora: a1e56fd34408186e4bbccfd4996cb3dc -> 
  custom:container-muxer-webm: aa71ff27fc2769a1b78a27578f13a17b -> 
  custom:container-demuxer-webm: 4f35f7cbe854078d1ac9338744f61a02 -> 
  custom:video-encoder-webm-vp8: eb34c28f22e8b96e1ab97ce403110664 -> 
  custom:audio-encoder-webm-vorbis: bf7c407c2cedff20999df2af8eb42d56 -> 
  custom:framework-win-MediaFoundation: 216162199b28c13a410421893ffa2e32 -> 
  custom:container-demuxer-ogg: 62fdf1f143b41e24485cea50d1cbac27 -> 
  custom:video-decoder-webm-vp8: 9c59270c3fd7afecdb556c50c9e8de78 -> 
  custom:audio-decoder-ogg-vorbis: bf7c407c2cedff20999df2af8eb42d56 -> 
========================================================================
Received Prepare
Registering precompiled user dll's ...
Registered in 0.013932 seconds.
Begin MonoManager ReloadAssembly
Symbol file LoadedFromMemory doesn't match image E:\BH56FI\UnityProj\343_PsProject\Library\PackageCache\com.unity.visualscripting@1.7.5\Editor\VisualScripting.Core\Dependencies\YamlDotNet\Unity.VisualScripting.YamlDotNet.dll
Symbol file LoadedFromMemory doesn't match image E:\BH56FI\UnityProj\343_PsProject\Library\PackageCache\com.unity.visualscripting@1.7.5\Editor\VisualScripting.Core\Dependencies\DotNetZip\Unity.VisualScripting.IonicZip.dll
Native extension for Lumin target not found
Native extension for LinuxStandalone target not found
Native extension for WindowsStandalone target not found
Native extension for OSXStandalone target not found
Native extension for WebGL target not found
Refreshing native plugins compatible for Editor in 0.95 ms, found 3 plugins.
Preloading 0 native plugins for Editor in 0.00 ms.
Mono: successfully reloaded assembly
- Completed reload, in  1.368 seconds
Domain Reload Profiling:
	ReloadAssembly (1369ms)
		BeginReloadAssembly (129ms)
			ExecutionOrderSort (0ms)
			DisableScriptedObjects (6ms)
			BackupInstance (0ms)
			ReleaseScriptingObjects (0ms)
			CreateAndSetChildDomain (42ms)
		EndReloadAssembly (1152ms)
			LoadAssemblies (95ms)
			RebuildTransferFunctionScriptingTraits (0ms)
			SetupTypeCache (335ms)
			ReleaseScriptCaches (2ms)
			RebuildScriptCaches (53ms)
			SetupLoadedEditorAssemblies (541ms)
				LogAssemblyErrors (0ms)
				InitializePlatformSupportModulesInManaged (21ms)
				SetLoadedEditorAssemblies (0ms)
				RefreshPlugins (1ms)
				BeforeProcessingInitializeOnLoad (83ms)
				ProcessInitializeOnLoadAttributes (352ms)
				ProcessInitializeOnLoadMethodAttributes (77ms)
				AfterProcessingInitializeOnLoad (7ms)
				EditorAssembliesLoaded (0ms)
			ExecutionOrderSort2 (0ms)
			AwakeInstancesAfterBackupRestoration (10ms)
Platform modules already initialized, skipping
Refreshing native plugins compatible for Editor in 0.82 ms, found 3 plugins.
Preloading 0 native plugins for Editor in 0.00 ms.
Unloading 4984 Unused Serialized files (Serialized files now loaded: 0)
Unloading 33 unused Assets / (1.4 MB). Loaded Objects now: 5576.
Memory consumption went from 197.5 MB to 196.1 MB.
Total: 4.271100 ms (FindLiveObjects: 0.384200 ms CreateObjectMapping: 0.365300 ms MarkObjects: 2.868800 ms  DeleteObjects: 0.652000 ms)

AssetImportParameters requested are different than current active one (requested -> active):
  custom:video-decoder-ogg-theora: a1e56fd34408186e4bbccfd4996cb3dc -> 
  custom:container-muxer-webm: aa71ff27fc2769a1b78a27578f13a17b -> 
  custom:container-demuxer-webm: 4f35f7cbe854078d1ac9338744f61a02 -> 
  custom:video-encoder-webm-vp8: eb34c28f22e8b96e1ab97ce403110664 -> 
  custom:audio-encoder-webm-vorbis: bf7c407c2cedff20999df2af8eb42d56 -> 
  custom:framework-win-MediaFoundation: 216162199b28c13a410421893ffa2e32 -> 
  custom:container-demuxer-ogg: 62fdf1f143b41e24485cea50d1cbac27 -> 
  custom:video-decoder-webm-vp8: 9c59270c3fd7afecdb556c50c9e8de78 -> 
  custom:audio-decoder-ogg-vorbis: bf7c407c2cedff20999df2af8eb42d56 -> 
========================================================================
Received Import Request.
  Time since last request: 3585.063701 seconds.
  path: Assets/Game
  artifactKey: Guid(bdcbcd2db76beee4396eadbafbadba3c) Importer(815301076,1909f56bfc062723c751e8b465ee728b)
Start importing Assets/Game using Guid(bdcbcd2db76beee4396eadbafbadba3c) Importer(815301076,1909f56bfc062723c751e8b465ee728b)  -> (artifact id: '53157faf9e8d6d67651ede3ac6a969d4') in 0.010052 seconds 
========================================================================
Received Import Request.
  Time since last request: 0.663668 seconds.
  path: Assets/Game/Models
  artifactKey: Guid(91ab2fafb706e1a4b92b6cfe750b880a) Importer(815301076,1909f56bfc062723c751e8b465ee728b)
Start importing Assets/Game/Models using Guid(91ab2fafb706e1a4b92b6cfe750b880a) Importer(815301076,1909f56bfc062723c751e8b465ee728b)  -> (artifact id: 'b7ef89c06ecbc9f5bf0d431861b92a15') in 0.001731 seconds 
========================================================================
Received Import Request.
  Time since last request: 1.229766 seconds.
  path: Assets/Game/Models/Test.unity
  artifactKey: Guid(d8faba083d1a1164c8ed2f355779f3a2) Importer(815301076,1909f56bfc062723c751e8b465ee728b)
Start importing Assets/Game/Models/Test.unity using Guid(d8faba083d1a1164c8ed2f355779f3a2) Importer(815301076,1909f56bfc062723c751e8b465ee728b)  -> (artifact id: '54c7e2fd729af5a23b7ba5cc11970009') in 0.016824 seconds 
========================================================================
Received Import Request.
  Time since last request: 9.999880 seconds.
  path: Assets/Game/Models/Meg
  artifactKey: Guid(8025972fd7591924298e0e9932c90c1e) Importer(815301076,1909f56bfc062723c751e8b465ee728b)
Start importing Assets/Game/Models/Meg using Guid(8025972fd7591924298e0e9932c90c1e) Importer(815301076,1909f56bfc062723c751e8b465ee728b)  -> (artifact id: '79ceef81de386b50af7c1e5a93a36db5') in 0.002277 seconds 
========================================================================
Received Import Request.
  Time since last request: 0.069621 seconds.
  path: Assets/Game/Models/Meg/Meg.fbx
  artifactKey: Guid(bb9a154f3529f6a4da83163763c6b3a5) Importer(815301076,1909f56bfc062723c751e8b465ee728b)
Start importing Assets/Game/Models/Meg/Meg.fbx using Guid(bb9a154f3529f6a4da83163763c6b3a5) Importer(815301076,1909f56bfc062723c751e8b465ee728b)  -> (artifact id: 'ccad6f9518d9a5bbdc5bd89e942b7372') in 2.359096 seconds 
========================================================================
Received Import Request.
  Time since last request: 1.339594 seconds.
  path: Assets/Game/Models/Dorothy/Materials
  artifactKey: Guid(f9cff5277f5e30146a12cfc33ca11550) Importer(815301076,1909f56bfc062723c751e8b465ee728b)
Start importing Assets/Game/Models/Dorothy/Materials using Guid(f9cff5277f5e30146a12cfc33ca11550) Importer(815301076,1909f56bfc062723c751e8b465ee728b)  -> (artifact id: 'e1306acff74b5e1da3ea3dc6607f9c7d') in 0.001653 seconds 
========================================================================
Received Import Request.
  Time since last request: 0.061399 seconds.
  path: Assets/Game/Models/Dorothy/Materials/F_MED_Commando_Hair_01.mat
  artifactKey: Guid(23eed6df920bb6a4b9a8c136d93746fe) Importer(815301076,1909f56bfc062723c751e8b465ee728b)
Start importing Assets/Game/Models/Dorothy/Materials/F_MED_Commando_Hair_01.mat using Guid(23eed6df920bb6a4b9a8c136d93746fe) Importer(815301076,1909f56bfc062723c751e8b465ee728b)  -> (artifact id: 'd373fda5a86a622ae3e36bb366d5f6aa') in 0.042472 seconds 
========================================================================
Received Import Request.
  Time since last request: 29.070367 seconds.
  path: Assets/Game/Models/Dorothy/Materials/tex
  artifactKey: Guid(1de7ee771eb8dbf42a6e9743aab097d0) Importer(815301076,1909f56bfc062723c751e8b465ee728b)
Start importing Assets/Game/Models/Dorothy/Materials/tex using Guid(1de7ee771eb8dbf42a6e9743aab097d0) Importer(815301076,1909f56bfc062723c751e8b465ee728b)  -> (artifact id: 'f1c45f7d7fc5dd472c962973b8c12403') in 0.001795 seconds 
========================================================================
Received Import Request.
  Time since last request: 0.075133 seconds.
  path: Assets/Game/Models/Dorothy/Materials/tex/F_MED_Commando_Hair_01_D.tga.png
  artifactKey: Guid(7e9a64007da6e0746aae99e7dabbf11a) Importer(815301076,1909f56bfc062723c751e8b465ee728b)
Start importing Assets/Game/Models/Dorothy/Materials/tex/F_MED_Commando_Hair_01_D.tga.png using Guid(7e9a64007da6e0746aae99e7dabbf11a) Importer(815301076,1909f56bfc062723c751e8b465ee728b)  -> (artifact id: '515cb479b301d90104c22c0436ad6e48') in 0.023411 seconds 
========================================================================
Received Import Request.
  Time since last request: 0.127973 seconds.
  path: Assets/Game/Models/Dorothy/Materials/tex/F_MED_Commando_Hair_01_N.tga.png
  artifactKey: Guid(fddad72744b8eaf44a259b6f0b3597bb) Importer(815301076,1909f56bfc062723c751e8b465ee728b)
Start importing Assets/Game/Models/Dorothy/Materials/tex/F_MED_Commando_Hair_01_N.tga.png using Guid(fddad72744b8eaf44a259b6f0b3597bb) Importer(815301076,1909f56bfc062723c751e8b465ee728b)  -> (artifact id: '141ce82f2c5696a525f06567a4ad309c') in 0.021729 seconds 
========================================================================
Received Import Request.
  Time since last request: 0.000029 seconds.
  path: Assets/Game/Models/Dorothy/Materials/tex/T_F_MED_RebirthSoldier_DefaultA_Body_D.tga.png
  artifactKey: Guid(08e022cbad41cee41b072c71a3d15589) Importer(815301076,1909f56bfc062723c751e8b465ee728b)
Start importing Assets/Game/Models/Dorothy/Materials/tex/T_F_MED_RebirthSoldier_DefaultA_Body_D.tga.png using Guid(08e022cbad41cee41b072c71a3d15589) Importer(815301076,1909f56bfc062723c751e8b465ee728b)  -> (artifact id: '7247178ed63c488dd77674f9b3333b51') in 0.009933 seconds 
========================================================================
Received Import Request.
  Time since last request: 0.000044 seconds.
  path: Assets/Game/Models/Dorothy/Materials/tex/T_F_MED_RebirthSoldier_DefaultA_Body_N.tga.png
  artifactKey: Guid(e88d9ab757cc86c4ba873c9c304e254e) Importer(815301076,1909f56bfc062723c751e8b465ee728b)
Start importing Assets/Game/Models/Dorothy/Materials/tex/T_F_MED_RebirthSoldier_DefaultA_Body_N.tga.png using Guid(e88d9ab757cc86c4ba873c9c304e254e) Importer(815301076,1909f56bfc062723c751e8b465ee728b)  -> (artifact id: '443227ed451d02216c99cd8f3d7190e4') in 0.013140 seconds 
========================================================================
Received Import Request.
  Time since last request: 0.000020 seconds.
  path: Assets/Game/Models/Dorothy/Materials/tex/F_MED_Commando_Head_01_N.tga.png
  artifactKey: Guid(4756b9a1129720c4ca91c4cf42fae38d) Importer(815301076,1909f56bfc062723c751e8b465ee728b)
Start importing Assets/Game/Models/Dorothy/Materials/tex/F_MED_Commando_Head_01_N.tga.png using Guid(4756b9a1129720c4ca91c4cf42fae38d) Importer(815301076,1909f56bfc062723c751e8b465ee728b)  -> (artifact id: 'a7a5c1d4a85d50369e76417ae7a31d34') in 0.011251 seconds 
========================================================================
Received Import Request.
  Time since last request: 0.000027 seconds.
  path: Assets/Game/Models/Dorothy/Materials/tex/F_MED_Commando_Head_01_D.tga.png
  artifactKey: Guid(492d268fb980eba4c807c572757d4563) Importer(815301076,1909f56bfc062723c751e8b465ee728b)
Start importing Assets/Game/Models/Dorothy/Materials/tex/F_MED_Commando_Head_01_D.tga.png using Guid(492d268fb980eba4c807c572757d4563) Importer(815301076,1909f56bfc062723c751e8b465ee728b)  -> (artifact id: '1159419c0495c84e8f6b9ff71c008d52') in 0.009824 seconds 
========================================================================
Received Import Request.
  Time since last request: 53.736126 seconds.
  path: Assets/Game/Models/Thanos
  artifactKey: Guid(b4c8b5a298ae0a94c89ec4ea21d02cc9) Importer(815301076,1909f56bfc062723c751e8b465ee728b)
Start importing Assets/Game/Models/Thanos using Guid(b4c8b5a298ae0a94c89ec4ea21d02cc9) Importer(815301076,1909f56bfc062723c751e8b465ee728b)  -> (artifact id: '1efdf0f14223b1c894508d0d541a090c') in 0.001831 seconds 
========================================================================
Received Import Request.
  Time since last request: 0.041695 seconds.
  path: Assets/Game/Models/Thanos/thanos.fbx
  artifactKey: Guid(c2ce85f2bc0a9944786050f30a044f58) Importer(815301076,1909f56bfc062723c751e8b465ee728b)
Start importing Assets/Game/Models/Thanos/thanos.fbx using Guid(c2ce85f2bc0a9944786050f30a044f58) Importer(815301076,1909f56bfc062723c751e8b465ee728b)  -> (artifact id: '7907cd1fe29c40747ff9200c82ae7a2e') in 0.904610 seconds 
========================================================================
Received Import Request.
  Time since last request: 0.043203 seconds.
  path: Assets/Game/Models/Thanos/Materials
  artifactKey: Guid(41c49e94da3722940ab38c86d810b942) Importer(815301076,1909f56bfc062723c751e8b465ee728b)
Start importing Assets/Game/Models/Thanos/Materials using Guid(41c49e94da3722940ab38c86d810b942) Importer(815301076,1909f56bfc062723c751e8b465ee728b)  -> (artifact id: 'd431e4a6e0fda51165550707179ed0b7') in 0.001455 seconds 
========================================================================
Received Import Request.
  Time since last request: 0.075657 seconds.
  path: Assets/Game/Models/Thanos/Materials/T_M_LRG_Jim_Body_d.tga.mat
  artifactKey: Guid(93ac286e19840cc45a167febcd6b3747) Importer(815301076,1909f56bfc062723c751e8b465ee728b)
Start importing Assets/Game/Models/Thanos/Materials/T_M_LRG_Jim_Body_d.tga.mat using Guid(93ac286e19840cc45a167febcd6b3747) Importer(815301076,1909f56bfc062723c751e8b465ee728b)  -> (artifact id: 'a6974527ac93a593b1c3918f00e2dc5e') in 0.012886 seconds 
========================================================================
Received Import Request.
  Time since last request: 0.000034 seconds.
  path: Assets/Game/Models/Thanos/Materials/T_M_LRG_Jim_Helmet_d.tga.mat
  artifactKey: Guid(36aa568983e755140a640e7c4a5fa518) Importer(815301076,1909f56bfc062723c751e8b465ee728b)
Start importing Assets/Game/Models/Thanos/Materials/T_M_LRG_Jim_Helmet_d.tga.mat using Guid(36aa568983e755140a640e7c4a5fa518) Importer(815301076,1909f56bfc062723c751e8b465ee728b)  -> (artifact id: '797ccc894765862580ece75e5afc9427') in 0.015338 seconds 
========================================================================
Received Import Request.
  Time since last request: 1882.848632 seconds.
  path: Assets/Game/Models/Thanos/Materials/T_M_LRG_Jim_Head_d.tga.mat
  artifactKey: Guid(46172dd7ee0b24e4c8dd760bbe7c7ae5) Importer(815301076,1909f56bfc062723c751e8b465ee728b)
Start importing Assets/Game/Models/Thanos/Materials/T_M_LRG_Jim_Head_d.tga.mat using Guid(46172dd7ee0b24e4c8dd760bbe7c7ae5) Importer(815301076,1909f56bfc062723c751e8b465ee728b)  -> (artifact id: '0abcdaa5fad5a16f2c26474a1d69c285') in 0.031763 seconds 
